<?xml version="1.0" encoding="UTF-8"?>
<!-- Generated by org.testng.reporters.JUnitReportReporter -->
<testsuite hostname="Srikanth" failures="0" tests="1" name="first_Testng" time="0.008" errors="0" timestamp="2024-02-22T22:18:09 CST" skipped="0">
  <testcase classname="first_Testng" name="demo" time="0.008"/>
</testsuite> <!-- first_Testng -->
